빌드 시작: 2015-06-08 오후 7:10:49
     1>2 노드의 "c:\Users\박경수\documents\visual studio 2010\Projects\Slotted Aloha\Slotted Aloha\Slotted Aloha.vcxproj" 프로젝트(build 대상)입니다.
     1>InitializeBuildStatus:
         "AlwaysCreate"이(가) 지정되었기 때문에 "Debug\Slotted Aloha.unsuccessfulbuild"을(를) 만들고 있습니다.
       ClCompile:
         C:\Program Files (x86)\Microsoft Visual Studio 10.0\VC\bin\CL.exe /c /ZI /nologo /W3 /WX- /Od /Oy- /D WIN32 /D _DEBUG /D _CONSOLE /D _UNICODE /D UNICODE /Gm /EHsc /RTC1 /MDd /GS /fp:precise /Zc:wchar_t /Zc:forScope /Fo"Debug\\" /Fd"Debug\vc100.pdb" /Gd /TC /analyze- /errorReport:prompt "Slotted Aloha.c"
         Slotted Aloha.c
     1>c:\users\박경수\documents\visual studio 2010\projects\slotted aloha\slotted aloha\slotted aloha.c(20): warning C4996: 'fopen': This function or variable may be unsafe. Consider using fopen_s instead. To disable deprecation, use _CRT_SECURE_NO_WARNINGS. See online help for details.
                 c:\program files (x86)\microsoft visual studio 10.0\vc\include\stdio.h(234) : 'fopen' 선언을 참조하십시오.
     1>c:\users\박경수\documents\visual studio 2010\projects\slotted aloha\slotted aloha\slotted aloha.c(23): warning C4244: '함수' : 'time_t'에서 'unsigned int'(으)로 변환하면서 데이터가 손실될 수 있습니다.
     1>c:\users\박경수\documents\visual studio 2010\projects\slotted aloha\slotted aloha\slotted aloha.c(32): warning C4244: '=' : 'double'에서 'int'(으)로 변환하면서 데이터가 손실될 수 있습니다.
     1>c:\users\박경수\documents\visual studio 2010\projects\slotted aloha\slotted aloha\slotted aloha.c(78): warning C4996: 'scanf': This function or variable may be unsafe. Consider using scanf_s instead. To disable deprecation, use _CRT_SECURE_NO_WARNINGS. See online help for details.
                 c:\program files (x86)\microsoft visual studio 10.0\vc\include\stdio.h(304) : 'scanf' 선언을 참조하십시오.
       ManifestResourceCompile:
         모든 출력이 최신 상태입니다.
       Link:
         C:\Program Files (x86)\Microsoft Visual Studio 10.0\VC\bin\link.exe /ERRORREPORT:PROMPT /OUT:"c:\users\박경수\documents\visual studio 2010\Projects\Slotted Aloha\Debug\Slotted Aloha.exe" /INCREMENTAL /NOLOGO kernel32.lib user32.lib gdi32.lib winspool.lib comdlg32.lib advapi32.lib shell32.lib ole32.lib oleaut32.lib uuid.lib odbc32.lib odbccp32.lib /MANIFEST /ManifestFile:"Debug\Slotted Aloha.exe.intermediate.manifest" /MANIFESTUAC:"level='asInvoker' uiAccess='false'" /DEBUG /PDB:"c:\users\박경수\documents\visual studio 2010\Projects\Slotted Aloha\Debug\Slotted Aloha.pdb" /SUBSYSTEM:CONSOLE /TLBID:1 /DYNAMICBASE /NXCOMPAT /IMPLIB:"c:\users\박경수\documents\visual studio 2010\Projects\Slotted Aloha\Debug\Slotted Aloha.lib" /MACHINE:X86 "Debug\Slotted Aloha.exe.embed.manifest.res"
         "Debug\Slotted Aloha.obj"
       Manifest:
         C:\Program Files (x86)\Microsoft SDKs\Windows\v7.0A\bin\mt.exe /nologo /verbose /out:"Debug\Slotted Aloha.exe.embed.manifest" /manifest "Debug\Slotted Aloha.exe.intermediate.manifest"
         모든 출력이 최신 상태입니다.
       LinkEmbedManifest:
         모든 출력이 최신 상태입니다.
         Slotted Aloha.vcxproj -> c:\users\박경수\documents\visual studio 2010\Projects\Slotted Aloha\Debug\Slotted Aloha.exe
       FinalizeBuildStatus:
         "Debug\Slotted Aloha.unsuccessfulbuild" 파일을 삭제하고 있습니다.
         "Debug\Slotted Aloha.lastbuildstate"에 연결(touching)하고 있습니다.
     1>"c:\Users\박경수\documents\visual studio 2010\Projects\Slotted Aloha\Slotted Aloha\Slotted Aloha.vcxproj" 프로젝트를 빌드했습니다(build 대상).

빌드했습니다.

경과 시간: 00:00:01.34
