Build started 2016-10-05 오후 1:30:25.
     1>Project "C:\Users\Honser\OneDrive\2015-1\2015-1\자료구조\자료구조\HW2-나반-안홍서-20102265-2015-05-08-1500\opencvStart\opencvStart.vcxproj" on node 2 (build target(s)).
     1>InitializeBuildStatus:
         Touching "x64\Release\opencvStart.unsuccessfulbuild".
       ClCompile:
         All outputs are up-to-date.
         All outputs are up-to-date.
       Link:
         C:\Program Files (x86)\Microsoft Visual Studio 10.0\VC\bin\x86_amd64\link.exe /ERRORREPORT:PROMPT /OUT:"C:\Users\Honser\OneDrive\2015-1\2015-1\자료구조\자료구조\HW2-나반-안홍서-20102265-2015-05-08-1500\x64\Release\opencvStart.exe" /INCREMENTAL:NO /NOLOGO /LIBPATH:C:\OpenCV2.4.13\opencv\build\x64\vc12\lib opencv_calib3d2413.lib opencv_contrib2413.lib opencv_core2413.lib opencv_features2d2413.lib opencv_flann2413.lib opencv_gpu2413.lib opencv_highgui2413.lib opencv_imgproc2413.lib opencv_legacy2413.lib opencv_ml2413.lib opencv_nonfree2413.lib opencv_objdetect2413.lib opencv_photo2413.lib opencv_stitching2413.lib opencv_ts2413.lib opencv_video2413.lib opencv_videostab2413.lib kernel32.lib user32.lib gdi32.lib winspool.lib comdlg32.lib advapi32.lib shell32.lib ole32.lib oleaut32.lib uuid.lib odbc32.lib odbccp32.lib /MANIFEST /ManifestFile:"x64\Release\opencvStart.exe.intermediate.manifest" /MANIFESTUAC:"level='asInvoker' uiAccess='false'" /DEBUG /PDB:"C:\Users\Honser\OneDrive\2015-1\2015-1\자료구조\자료구조\HW2-나반-안홍서-20102265-2015-05-08-1500\x64\Release\opencvStart.pdb" /SUBSYSTEM:CONSOLE /OPT:REF /OPT:ICF /LTCG /TLBID:1 /DYNAMICBASE /NXCOMPAT /IMPLIB:"C:\Users\Honser\OneDrive\2015-1\2015-1\자료구조\자료구조\HW2-나반-안홍서-20102265-2015-05-08-1500\x64\Release\opencvStart.lib" /MACHINE:X64 x64\Release\HandGesture.obj
         x64\Release\MyImage.obj
         x64\Release\opencvStart.obj
         x64\Release\roi.obj
         x64\Release\stdafx.obj
         Generating code
         Finished generating code
         opencvStart.vcxproj -> C:\Users\Honser\OneDrive\2015-1\2015-1\자료구조\자료구조\HW2-나반-안홍서-20102265-2015-05-08-1500\x64\Release\opencvStart.exe
       Manifest:
         C:\Program Files (x86)\Microsoft SDKs\Windows\v7.0A\bin\mt.exe /nologo /verbose /outputresource:"C:\Users\Honser\OneDrive\2015-1\2015-1\자료구조\자료구조\HW2-나반-안홍서-20102265-2015-05-08-1500\x64\Release\opencvStart.exe;#1" /manifest x64\Release\opencvStart.exe.intermediate.manifest
       FinalizeBuildStatus:
         Deleting file "x64\Release\opencvStart.unsuccessfulbuild".
         Touching "x64\Release\opencvStart.lastbuildstate".
     1>Done Building Project "C:\Users\Honser\OneDrive\2015-1\2015-1\자료구조\자료구조\HW2-나반-안홍서-20102265-2015-05-08-1500\opencvStart\opencvStart.vcxproj" (build target(s)).

Build succeeded.

Time Elapsed 00:00:02.59
